-------------------------------------------------------------------------------
Test set: test.java.OttawaU.iMetaLab.AppTest
-------------------------------------------------------------------------------
Tests run: 1, Failures: 1, Errors: 0, Skipped: 0, Time elapsed: 33.462 sec <<< FAILURE! - in test.java.OttawaU.iMetaLab.AppTest
Go to Dashboards(Scenario OttawaU.iMetaLab)  Time elapsed: 32.508 sec  <<< FAILURE!
java.lang.AssertionError: The text of Welcome to iMetaLab! expected:<0> but was:<true>
	at org.junit.Assert.fail(Assert.java:88)
	at org.junit.Assert.failNotEquals(Assert.java:834)
	at org.junit.Assert.assertEquals(Assert.java:118)
	at test.java.OttawaU.iMetaLab.stepdefinition.welcome_to_iMetaLab_shows_up(stepdefinition.java:89)
	at ✽.Welcome to iMetaLab shows up(src/test/java/OttawaU/iMetaLab/steps.feature:30)

