<?xml version="1.0" encoding="UTF-8"?>
<testsuite name="test.java.OttawaU.iMetaLab.AppTest" time="32.508" tests="1" errors="0" skipped="0" failures="1">
  <properties>
[...]
</properties>
  <testcase name="Go to Dashboards" classname="Scenario OttawaU.iMetaLab" time="32.508">
    <failure message="The text of Welcome to iMetaLab! expected:&lt;0&gt; but was:&lt;true&gt;" type="java.lang.AssertionError"><![CDATA[java.lang.AssertionError: The text of Welcome to iMetaLab! expected:<0> but was:<true>
	at org.junit.Assert.fail(Assert.java:88)
	at org.junit.Assert.failNotEquals(Assert.java:834)
	at org.junit.Assert.assertEquals(Assert.java:118)
	at test.java.OttawaU.iMetaLab.stepdefinition.welcome_to_iMetaLab_shows_up(stepdefinition.java:89)
	at ✽.Welcome to iMetaLab shows up(src/test/java/OttawaU/iMetaLab/steps.feature:30)
]]></failure>
    <system-out><![CDATA[Feature: Scenario OttawaU.iMetaLab

  Scenario: Go to Dashboards               &amp#27;[90m# src/test/java/OttawaU/iMetaLab/steps.feature:24&amp#27;[0m
    &amp#27;[32mGiven &amp#27;[0m&amp#27;[32mI have open the browser&amp#27;[0m          &amp#27;[90m# stepdefinition.I_have_open_the_browser()&amp#27;[0m
    &amp#27;[32mGiven &amp#27;[0m&amp#27;[32mI open iMetaLab website&amp#27;[0m          &amp#27;[90m# stepdefinition.i_open_iMetaLab_website()&amp#27;[0m
    &amp#27;[32mWhen &amp#27;[0m&amp#27;[32mI click Resource button&amp#27;[0m           &amp#27;[90m# stepdefinition.i_click_Resource_button()&amp#27;[0m
    &amp#27;[32mAnd &amp#27;[0m&amp#27;[32mI click the DownloadMetaLab button&amp#27;[0m &amp#27;[90m# stepdefinition.i_click_the_DownloadMetaLab_button()&amp#27;[0m
    &amp#27;[32mThen &amp#27;[0m&amp#27;[32mThe account page shows up&amp#27;[0m         &amp#27;[90m# stepdefinition.the_account_page_shows_up()&amp#27;[0m
    &amp#27;[31mWhen &amp#27;[0m&amp#27;[31mWelcome to iMetaLab shows up&amp#27;[0m      &amp#27;[90m# stepdefinition.welcome_to_iMetaLab_shows_up()&amp#27;[0m
      &amp#27;[31mjava.lang.AssertionError: The text of Welcome to iMetaLab! expected:<0> but was:<true>
	at org.junit.Assert.fail(Assert.java:88)
	at org.junit.Assert.failNotEquals(Assert.java:834)
	at org.junit.Assert.assertEquals(Assert.java:118)
	at test.java.OttawaU.iMetaLab.stepdefinition.welcome_to_iMetaLab_shows_up(stepdefinition.java:89)
	at ✽.Welcome to iMetaLab shows up(src/test/java/OttawaU/iMetaLab/steps.feature:30)
&amp#27;[0m
    &amp#27;[36mAnd &amp#27;[0m&amp#27;[36mCreate Session button shows up&amp#27;[0m     &amp#27;[90m# stepdefinition.create_Session_button_shows_up()&amp#27;[0m
    &amp#27;[36mAnd &amp#27;[0m&amp#27;[36mView Result button shows up&amp#27;[0m        &amp#27;[90m# stepdefinition.view_Result_button_shows_up()&amp#27;[0m
    &amp#27;[36mAnd &amp#27;[0m&amp#27;[36mTutorial button shows up&amp#27;[0m           &amp#27;[90m# stepdefinition.Tutorial_button_shows_up()&amp#27;[0m
    &amp#27;[36mThen &amp#27;[0m&amp#27;[36mI close the browser&amp#27;[0m               &amp#27;[90m# stepdefinition.I_close_the_browser()&amp#27;[0m
]]></system-out>
    <system-err><![CDATA[1539045130512	geckodriver	INFO	geckodriver 0.20.1
1539045130537	geckodriver	INFO	Listening on 127.0.0.1:25403
1539045131050	mozrunner::runner	INFO	Running command: "/usr/lib/firefox/firefox" "-marionette" "-profile" "/tmp/rust_mozprofile.P2cByvXsmoMI"
1539045135014	Marionette	INFO	Listening on port 44287
1539045135140	Marionette	WARN	TLS certificate errors will be ignored for this session
1539045135323	Marionette	DEBUG	[2147483649] Frame script loaded
1539045135389	Marionette	DEBUG	[2147483649] Frame script registered
Oct 08, 2018 8:32:15 PM org.openqa.selenium.remote.ProtocolHandshake createSession
INFO: Detected dialect: W3C
1539045135916	Marionette	DEBUG	[2147483649] Received DOM event beforeunload for about:blank
1539045136445	Marionette	DEBUG	[2147483649] Received DOM event pagehide for about:blank
1539045145691	Marionette	DEBUG	[2147483649] Received DOM event DOMContentLoaded for http://imetalab.ca/
1539045148544	Marionette	DEBUG	[2147483649] Received DOM event pageshow for http://imetalab.ca/
1539045149806	Marionette	DEBUG	[2147483649] Canceled page load listener because no navigation has been detected
1539045151824	Marionette	DEBUG	[2147483649] Received DOM event beforeunload for http://imetalab.ca/resource
1539045152111	Marionette	DEBUG	[2147483649] Received DOM event pagehide for http://imetalab.ca/resource
1539045152113	Marionette	DEBUG	[2147483649] Received DOM event unload for http://imetalab.ca/resource
1539045159496	Marionette	DEBUG	[2147483649] Received DOM event DOMContentLoaded for http://dashboard.imetalab.ca/account#/
1539045159835	Marionette	DEBUG	[2147483649] Received DOM event pageshow for http://dashboard.imetalab.ca/account#/
]]></system-err>
  </testcase>
</testsuite>